<?xml version="1.0" encoding="UTF-8"?>
<!-- Generated by org.testng.reporters.JUnitXMLReporter -->
<testsuite ignored="0" hostname="DESKTOP-NVBV6LU" failures="0" tests="3" name="HomePage_Test" time="8.21" errors="0" timestamp="2022-12-07T14:10:10 IST">
  <testcase classname="makemytrip_testcases.Home_Test" name="islogovisible" time="0.299"/>
  <testcase classname="makemytrip_testcases.Home_Test" name="verifySpecialOffer" time="0.227"/>
  <testcase classname="makemytrip_testcases.Home_Test" name="verifyIntroBiz" time="1.189"/>
</testsuite> <!-- HomePage_Test -->
