<?xml version="1.0" encoding="UTF-8"?>
<testng-results ignored="0" total="1" passed="1" failed="0" skipped="0">
  <reporter-output>
  </reporter-output>
  <suite started-at="2022-12-21T12:13:23 IST" name="Default suite" finished-at="2022-12-21T12:13:38 IST" duration-ms="14832">
    <groups>
    </groups>
    <test started-at="2022-12-21T12:13:23 IST" name="Default test" finished-at="2022-12-21T12:13:38 IST" duration-ms="14832">
      <class name="makemytrip_testcases.FlightBooking_Test">
        <test-method is-config="true" signature="glaunchURL()[pri:0, instance:makemytrip_testcases.FlightBooking_Test@17497425]" started-at="2022-12-21T12:13:23 IST" name="glaunchURL" finished-at="2022-12-21T12:13:33 IST" duration-ms="9481" status="PASS">
          <reporter-output>
          </reporter-output>
        </test-method> <!-- glaunchURL -->
        <test-method signature="isFlightBooked()[pri:0, instance:makemytrip_testcases.FlightBooking_Test@17497425]" started-at="2022-12-21T12:13:33 IST" name="isFlightBooked" finished-at="2022-12-21T12:13:38 IST" duration-ms="4996" status="PASS">
          <reporter-output>
          </reporter-output>
        </test-method> <!-- isFlightBooked -->
        <test-method is-config="true" signature="quit()[pri:0, instance:makemytrip_testcases.FlightBooking_Test@17497425]" started-at="2022-12-21T12:13:38 IST" name="quit" finished-at="2022-12-21T12:13:38 IST" duration-ms="299" status="PASS">
          <reporter-output>
          </reporter-output>
        </test-method> <!-- quit -->
      </class> <!-- makemytrip_testcases.FlightBooking_Test -->
    </test> <!-- Default test -->
  </suite> <!-- Default suite -->
</testng-results>
