<?xml version="1.0" encoding="UTF-8"?>
<testng-results ignored="0" total="1" passed="1" failed="0" skipped="0">
  <reporter-output>
  </reporter-output>
  <suite started-at="2023-01-11T00:35:52 IST" name="Default suite" finished-at="2023-01-11T00:36:38 IST" duration-ms="45543">
    <groups>
    </groups>
    <test started-at="2023-01-11T00:35:52 IST" name="Default test" finished-at="2023-01-11T00:36:38 IST" duration-ms="45543">
      <class name="makemytrip_testcases.FlightBooking_Test">
        <test-method is-config="true" signature="glaunchURL()[pri:0, instance:makemytrip_testcases.FlightBooking_Test@49049a04]" started-at="2023-01-11T00:35:52 IST" name="glaunchURL" finished-at="2023-01-11T00:36:06 IST" duration-ms="13467" status="PASS">
          <reporter-output>
          </reporter-output>
        </test-method> <!-- glaunchURL -->
        <test-method signature="isFlightBooked()[pri:0, instance:makemytrip_testcases.FlightBooking_Test@49049a04]" started-at="2023-01-11T00:36:06 IST" name="isFlightBooked" finished-at="2023-01-11T00:36:37 IST" duration-ms="31548" status="PASS">
          <reporter-output>
          </reporter-output>
        </test-method> <!-- isFlightBooked -->
        <test-method is-config="true" signature="quit()[pri:0, instance:makemytrip_testcases.FlightBooking_Test@49049a04]" started-at="2023-01-11T00:36:37 IST" name="quit" finished-at="2023-01-11T00:36:38 IST" duration-ms="450" status="PASS">
          <reporter-output>
          </reporter-output>
        </test-method> <!-- quit -->
      </class> <!-- makemytrip_testcases.FlightBooking_Test -->
    </test> <!-- Default test -->
  </suite> <!-- Default suite -->
</testng-results>
